[debug] [2026-04-23T14:27:06.226Z] ----------------------------------------------------------------------
[debug] [2026-04-23T14:27:06.229Z] Command:       C:\Program Files\nodejs\node.exe C:\Users\Фарида\AppData\Roaming\npm\node_modules\firebase-tools\lib\bin\firebase.js init
[debug] [2026-04-23T14:27:06.230Z] CLI Version:   15.15.0
[debug] [2026-04-23T14:27:06.230Z] Platform:      win32
[debug] [2026-04-23T14:27:06.230Z] Node Version:  v24.14.1
[debug] [2026-04-23T14:27:06.230Z] Time:          Thu Apr 23 2026 19:27:06 GMT+0500 (Казахстан)
[debug] [2026-04-23T14:27:06.230Z] ----------------------------------------------------------------------
[debug] 
[debug] [2026-04-23T14:27:06.232Z] >>> [apiv2][query] GET https://firebase-public.firebaseio.com/cli.json [none]
[info] 
     ######## #### ########  ######## ########     ###     ######  ########
     ##        ##  ##     ## ##       ##     ##  ##   ##  ##       ##
     ######    ##  ########  ######   ########  #########  ######  ######
     ##        ##  ##    ##  ##       ##     ## ##     ##       ## ##
     ##       #### ##     ## ######## ########  ##     ##  ######  ########

You're about to initialize a Firebase project in this directory:

  D:\Фарида\Desktop\bjb_checker

[debug] [2026-04-23T14:27:28.886Z] *** [apiv2] error from fetch(https://firebase-public.firebaseio.com/cli.json, {"headers":{},"method":"GET"}): FetchError: request to https://firebase-public.firebaseio.com/cli.json failed, reason: 
[warn] !  Unable to fetch the CLI MOTD and remote config. This is not a fatal error, but may indicate an issue with your network connection. 
[debug] [2026-04-23T14:27:28.887Z] Failed to fetch MOTD FirebaseError: Failed to make request to https://firebase-public.firebaseio.com/cli.json
[debug] [2026-04-23T14:29:10.459Z] ----------------------------------------------------------------------
[debug] [2026-04-23T14:29:10.461Z] Command:       C:\Program Files\nodejs\node.exe C:\Users\Фарида\AppData\Roaming\npm\node_modules\firebase-tools\lib\bin\firebase.js init
[debug] [2026-04-23T14:29:10.462Z] CLI Version:   15.15.0
[debug] [2026-04-23T14:29:10.462Z] Platform:      win32
[debug] [2026-04-23T14:29:10.462Z] Node Version:  v24.14.1
[debug] [2026-04-23T14:29:10.462Z] Time:          Thu Apr 23 2026 19:29:10 GMT+0500 (Казахстан)
[debug] [2026-04-23T14:29:10.462Z] ----------------------------------------------------------------------
[debug] 
[debug] [2026-04-23T14:29:10.464Z] >>> [apiv2][query] GET https://firebase-public.firebaseio.com/cli.json [none]
[info] 
     ######## #### ########  ######## ########     ###     ######  ########
     ##        ##  ##     ## ##       ##     ##  ##   ##  ##       ##
     ######    ##  ########  ######   ########  #########  ######  ######
     ##        ##  ##    ##  ##       ##     ## ##     ##       ## ##
     ##       #### ##     ## ######## ########  ##     ##  ######  ########

You're about to initialize a Firebase project in this directory:

  D:\Фарида\Desktop\bjb_checker

[debug] [2026-04-23T14:29:11.769Z] <<< [apiv2][status] GET https://firebase-public.firebaseio.com/cli.json 200
[debug] [2026-04-23T14:29:11.769Z] <<< [apiv2][body] GET https://firebase-public.firebaseio.com/cli.json {"cloudBuildErrorAfter":1594252800000,"cloudBuildWarnAfter":1590019200000,"defaultNode10After":1594252800000,"minVersion":"3.0.5","node8DeploysDisabledAfter":1613390400000,"node8RuntimeDisabledAfter":1615809600000,"node8WarnAfter":1600128000000}
[debug] [2026-04-23T14:30:29.620Z] ExitPromptError: User force closed the prompt with SIGINT
    at Interface.sigint (C:\Users\Фарида\AppData\Roaming\npm\node_modules\firebase-tools\node_modules\@inquirer\core\dist\commonjs\lib\create-prompt.js:101:37)
    at Interface.emit (node:events:508:28)
    at [_ttyWrite] [as _ttyWrite] (node:internal/readline/interface:1327:18)
    at ReadStream.onkeypress (node:internal/readline/interface:284:20)
    at ReadStream.emit (node:events:520:35)
    at emitKeys (node:internal/readline/utils:371:14)
    at emitKeys.next (<anonymous>)
    at ReadStream.onData (node:internal/readline/emitKeypressEvents:64:36)
    at ReadStream.emit (node:events:508:28)
    at addChunk (node:internal/streams/readable:563:12)
[error] 
[error] Error: An unexpected error has occurred.
[debug] [2026-04-23T14:31:09.316Z] ----------------------------------------------------------------------
[debug] [2026-04-23T14:31:09.319Z] Command:       C:\Program Files\nodejs\node.exe C:\Users\Фарида\AppData\Roaming\npm\node_modules\firebase-tools\lib\bin\firebase.js init
[debug] [2026-04-23T14:31:09.319Z] CLI Version:   15.15.0
[debug] [2026-04-23T14:31:09.319Z] Platform:      win32
[debug] [2026-04-23T14:31:09.319Z] Node Version:  v24.14.1
[debug] [2026-04-23T14:31:09.319Z] Time:          Thu Apr 23 2026 19:31:09 GMT+0500 (Казахстан)
[debug] [2026-04-23T14:31:09.319Z] ----------------------------------------------------------------------
[debug] 
[info] 
     ######## #### ########  ######## ########     ###     ######  ########
     ##        ##  ##     ## ##       ##     ##  ##   ##  ##       ##
     ######    ##  ########  ######   ########  #########  ######  ######
     ##        ##  ##    ##  ##       ##     ## ##     ##       ## ##
     ##       #### ##     ## ######## ########  ##     ##  ######  ########

You're about to initialize a Firebase project in this directory:

  D:\Фарида\Desktop\bjb_checker

[info] 
=== Project Setup
[info] 
[info] First, let's associate this project directory with a Firebase project.
[info] You can create multiple project aliases by running firebase use --add, 
[info] 
[debug] [2026-04-23T14:31:33.676Z] > command requires scopes: ["email","openid","https://www.googleapis.com/auth/cloudplatformprojects.readonly","https://www.googleapis.com/auth/firebase","https://www.googleapis.com/auth/cloud-platform"]
[debug] [2026-04-23T14:31:33.676Z] > authorizing via signed-in user (bekishovafarida@gmail.com)
[debug] [2026-04-23T14:31:33.678Z] Checked if tokens are valid: false, expires at: 1775655451649
[debug] [2026-04-23T14:31:33.678Z] Checked if tokens are valid: false, expires at: 1775655451649
[debug] [2026-04-23T14:31:33.678Z] > refreshing access token with scopes: []
[debug] [2026-04-23T14:31:33.680Z] >>> [apiv2][query] POST https://www.googleapis.com/oauth2/v3/token [none]
[debug] [2026-04-23T14:31:33.680Z] >>> [apiv2][body] POST https://www.googleapis.com/oauth2/v3/token [omitted]
[debug] [2026-04-23T14:31:34.020Z] <<< [apiv2][status] POST https://www.googleapis.com/oauth2/v3/token 200
[debug] [2026-04-23T14:31:34.020Z] <<< [apiv2][body] POST https://www.googleapis.com/oauth2/v3/token [omitted]
[debug] [2026-04-23T14:31:34.064Z] >>> [apiv2][query] GET https://firebase.googleapis.com/v1beta1/projects pageSize=100
[debug] [2026-04-23T14:31:34.886Z] <<< [apiv2][status] GET https://firebase.googleapis.com/v1beta1/projects 200
[debug] [2026-04-23T14:31:34.886Z] <<< [apiv2][body] GET https://firebase.googleapis.com/v1beta1/projects [omitted]
